[2016-12-28 01:57:54] Mash.WARNING:  [] []
[2016-12-28 01:57:55] Mash.ERROR:  [] []
[2016-12-28 01:58:56] Mash.ERROR:  [] []
[2016-12-28 01:59:03] Mash.ERROR:  [] []
[2016-12-28 02:00:29] Mash.ERROR:  [] []
[2016-12-28 02:02:24] Mash.ERROR: 1 [] []
[2016-12-28 13:27:41] Mash.WARNING:  [] []
[2016-12-28 13:28:54] Mash.WARNING:  [] []
[2016-12-28 13:29:37] Mash.WARNING:  [] []
[2016-12-28 13:29:59] Mash.WARNING:  [] []
[2016-12-28 13:29:59] Mash.WARNING:  [] []
[2016-12-28 13:33:24] Mash.WARNING:  [] []
[2016-12-28 13:34:07] Mash.WARNING:  [] []
[2016-12-28 13:34:55] Mash.WARNING:  [] []
[2016-12-28 13:38:19] Mash.WARNING:  [] []
[2016-12-28 13:39:20] Mash.WARNING:  [] []
[2016-12-28 13:39:27] Mash.WARNING:  [] []
[2016-12-29 01:14:57] Mash.WARNING: "true" [] []
[2016-12-29 01:19:19] Mash.WARNING: You've already sumbmitted a request (). [] []
[2016-12-29 01:20:54] Mash.WARNING: "true" [] []
[2016-12-29 01:21:04] Mash.WARNING: "true" [] []
[2016-12-29 01:21:04] Mash.WARNING: "true" [] []
[2016-12-29 01:21:33] Mash.WARNING:  [] []
[2016-12-29 01:21:33] Mash.WARNING: "true" [] []
[2016-12-29 01:22:21] Mash.WARNING: 1 [] []
[2016-12-29 01:22:21] Mash.WARNING: "true" [] []
[2016-12-29 01:22:52] Mash.WARNING: 1 [] []
[2016-12-29 01:22:52] Mash.WARNING: "true" [] []
[2016-12-29 01:23:07] Mash.WARNING: 1 [] []
[2016-12-29 01:23:07] Mash.WARNING: "true" [] []
[2016-12-29 01:23:37] Mash.WARNING: 1 [] []
[2016-12-29 01:23:37] Mash.ERROR: failed [] []
[2016-12-29 01:24:07] Mash.WARNING: "true" [] []
[2016-12-29 01:24:07] Mash.ERROR: failed [] []
[2016-12-29 01:25:54] Mash.WARNING: true [] []
[2016-12-29 01:25:54] Mash.ERROR: failed [] []
[2016-12-29 01:26:25] Mash.WARNING: true [] []
[2016-12-29 01:26:25] Mash.WARNING:  [] []
[2016-12-29 01:26:41] Mash.WARNING: true [] []
[2016-12-29 01:26:41] Mash.WARNING:  [] []
[2016-12-29 01:27:54] Mash.WARNING:  [] []
[2016-12-29 01:37:06] Mash.WARNING:  [] []
[2016-12-29 01:37:41] Mash.WARNING:  [] []
[2016-12-29 01:40:15] Mash.WARNING:  [] []
[2016-12-29 01:43:23] Mash.WARNING: 1 [] []
[2016-12-29 01:47:27] Mash.WARNING:  [] []
[2016-12-29 01:50:05] Mash.WARNING:  [] []
[2016-12-29 01:50:07] Mash.WARNING:  [] []
[2016-12-29 01:55:44] Mash.WARNING:  [] []
[2016-12-29 01:58:10] Mash.WARNING:  [] []
[2016-12-29 01:59:14] Mash.WARNING:  [] []
[2016-12-29 02:08:03] Mash.WARNING:  [] []
[2016-12-29 02:11:10] Mash.WARNING:  [] []
[2016-12-29 03:21:02] Mash.WARNING:  [] []
[2016-12-29 03:25:55] Mash.WARNING:  [] []
[2016-12-29 03:58:55] Mash.WARNING:  [] []
[2016-12-29 12:51:43] Mash.WARNING:  [] []
[2016-12-29 13:18:45] Mash.WARNING: 1 [] []
[2016-12-29 13:36:44] Mash.WARNING: 1 [] []
[2016-12-29 15:43:45] Mash.WARNING:  [] []
[2016-12-29 15:50:36] Mash.WARNING:  [] []
[2016-12-29 19:17:39] Mash.WARNING:  [] []
[2016-12-29 20:01:19] Mash.WARNING:  [] []
